TN:
SF:src/modules/accounts/useCases/authenticateUser/AuthenticateUserUseCase.ts
FN:26,AuthenticateUserUseCase
FN:37,Object.<anonymous>.AuthenticateUserUseCase.execute
FNF:2
FNH:2
FNDA:6,AuthenticateUserUseCase
FNDA:4,Object.<anonymous>.AuthenticateUserUseCase.execute
DA:1,1
DA:2,1
DA:3,1
DA:4,1
DA:5,1
DA:6,1
DA:7,1
DA:8,1
DA:9,1
DA:10,1
DA:11,1
DA:12,1
DA:13,1
DA:14,1
DA:15,1
DA:16,1
DA:17,1
DA:18,1
DA:19,1
DA:20,1
DA:21,1
DA:22,1
DA:23,1
DA:24,1
DA:25,2
DA:26,2
DA:27,6
DA:28,6
DA:29,6
DA:30,6
DA:31,6
DA:32,6
DA:33,6
DA:34,6
DA:35,6
DA:36,2
DA:37,2
DA:38,4
DA:39,4
DA:40,4
DA:41,1
DA:42,1
DA:43,3
DA:44,3
DA:45,3
DA:46,3
DA:47,3
DA:48,4
DA:49,4
DA:50,1
DA:51,1
DA:52,2
DA:53,2
DA:54,2
DA:55,2
DA:56,2
DA:57,2
DA:58,2
DA:59,2
DA:60,2
DA:61,2
DA:62,2
DA:63,2
DA:64,2
DA:65,2
DA:66,2
DA:67,2
DA:68,2
DA:69,2
DA:70,2
DA:71,2
DA:72,2
DA:73,2
DA:74,2
DA:75,2
DA:76,2
DA:77,2
DA:78,2
DA:79,2
DA:80,4
DA:81,4
DA:82,4
DA:83,4
DA:84,4
DA:85,4
DA:86,4
DA:87,4
DA:88,4
DA:89,4
DA:90,2
LF:90
LH:90
BRDA:25,0,0,2
BRDA:26,1,0,6
BRDA:37,2,0,4
BRDA:38,3,0,4
BRDA:40,4,0,1
BRDA:43,5,0,3
BRDA:49,6,0,2
BRDA:49,7,0,1
BRF:8
BRH:8
end_of_record
TN:
SF:src/modules/accounts/useCases/createUser/CreateUserUseCase.ts
FN:11,CreateUserUseCase
FN:18,Object.<anonymous>.CreateUserUseCase.execute
FNF:2
FNH:2
FNDA:8,CreateUserUseCase
FNDA:6,Object.<anonymous>.CreateUserUseCase.execute
DA:1,1
DA:2,1
DA:3,1
DA:4,1
DA:5,1
DA:6,1
DA:7,1
DA:8,1
DA:9,1
DA:10,3
DA:11,3
DA:12,8
DA:13,8
DA:14,8
DA:15,8
DA:16,8
DA:17,3
DA:18,3
DA:19,6
DA:20,6
DA:21,6
DA:22,1
DA:23,1
DA:24,5
DA:25,5
DA:26,6
DA:27,6
DA:28,6
DA:29,6
DA:30,6
DA:31,6
DA:32,6
DA:33,6
DA:34,6
DA:35,3
LF:35
LH:35
BRDA:10,0,0,3
BRDA:11,1,0,8
BRDA:18,2,0,6
BRDA:19,3,0,6
BRDA:21,4,0,1
BRDA:24,5,0,5
BRF:6
BRH:6
end_of_record
TN:
SF:src/modules/accounts/useCases/refreshToken/RefreshTokenUseCase.ts
FN:20,RefreshTokenUseCase
FN:27,Object.<anonymous>.RefreshTokenUseCase.execute
FNF:2
FNH:2
FNDA:3,RefreshTokenUseCase
FNDA:3,Object.<anonymous>.RefreshTokenUseCase.execute
DA:1,1
DA:2,1
DA:3,1
DA:4,1
DA:5,1
DA:6,1
DA:7,1
DA:8,1
DA:9,1
DA:10,1
DA:11,1
DA:12,1
DA:13,1
DA:14,1
DA:15,1
DA:16,1
DA:17,1
DA:18,1
DA:19,1
DA:20,1
DA:21,3
DA:22,3
DA:23,3
DA:24,3
DA:25,3
DA:26,1
DA:27,1
DA:28,3
DA:29,3
DA:30,3
DA:31,3
DA:32,3
DA:33,3
DA:34,3
DA:35,3
DA:36,3
DA:37,3
DA:38,3
DA:39,3
DA:40,3
DA:41,3
DA:42,3
DA:43,3
DA:44,3
DA:45,3
DA:46,3
DA:47,3
DA:48,1
DA:49,1
DA:50,2
DA:51,2
DA:52,2
DA:53,2
DA:54,2
DA:55,2
DA:56,2
DA:57,3
DA:58,3
DA:59,1
DA:60,1
DA:61,1
DA:62,1
DA:63,3
DA:64,3
DA:65,3
DA:66,3
DA:67,3
DA:68,3
DA:69,3
DA:70,3
DA:71,3
DA:72,3
DA:73,3
DA:74,3
DA:75,3
DA:76,3
DA:77,3
DA:78,3
DA:79,3
DA:80,3
DA:81,3
DA:82,3
DA:83,3
DA:84,3
DA:85,3
DA:86,3
DA:87,3
DA:88,3
DA:89,1
LF:89
LH:89
BRDA:19,0,0,1
BRDA:20,1,0,3
BRDA:27,2,0,3
BRDA:47,3,0,1
BRDA:50,4,0,2
BRDA:58,5,0,1
BRF:6
BRH:6
end_of_record
TN:
SF:src/modules/projects/useCases/createProject/CreateProjectUseCase.ts
FN:9,CreateProjectUseCase
FN:14,Object.<anonymous>.CreateProjectUseCase.execute
FNF:2
FNH:2
FNDA:5,CreateProjectUseCase
FNDA:8,Object.<anonymous>.CreateProjectUseCase.execute
DA:1,1
DA:2,1
DA:3,1
DA:4,1
DA:5,1
DA:6,1
DA:7,1
DA:8,2
DA:9,2
DA:10,5
DA:11,5
DA:12,5
DA:13,2
DA:14,2
DA:15,8
DA:16,8
DA:17,8
DA:18,8
DA:19,8
DA:20,8
DA:21,3
DA:22,1
DA:23,1
DA:24,3
DA:25,1
DA:26,1
DA:27,1
DA:28,1
DA:29,1
DA:30,3
DA:31,5
DA:32,5
DA:33,8
DA:34,8
DA:35,8
DA:36,2
LF:36
LH:36
BRDA:8,0,0,2
BRDA:9,1,0,5
BRDA:14,2,0,8
BRDA:20,3,0,3
BRDA:21,4,0,1
BRDA:24,5,0,2
BRDA:24,6,0,1
BRDA:31,7,0,5
BRF:8
BRH:8
end_of_record
TN:
SF:src/modules/projects/useCases/listProjects/ListProjectsUseCase.ts
FN:7,ListProjectsUseCase
FN:12,Object.<anonymous>.ListProjectsUseCase.compare
FN:22,Object.<anonymous>.ListProjectsUseCase.execute
FNF:3
FNH:2
FNDA:1,ListProjectsUseCase
FNDA:0,Object.<anonymous>.ListProjectsUseCase.compare
FNDA:1,Object.<anonymous>.ListProjectsUseCase.execute
DA:1,1
DA:2,1
DA:3,1
DA:4,1
DA:5,1
DA:6,1
DA:7,1
DA:8,1
DA:9,1
DA:10,1
DA:11,1
DA:12,1
DA:13,0
DA:14,0
DA:15,0
DA:16,0
DA:17,0
DA:18,0
DA:19,0
DA:20,0
DA:21,1
DA:22,1
DA:23,1
DA:24,1
DA:25,1
DA:26,1
DA:27,1
DA:28,1
DA:29,1
LF:29
LH:21
BRDA:6,0,0,1
BRDA:7,1,0,1
BRDA:22,2,0,1
BRDA:23,3,0,1
BRF:4
BRH:4
end_of_record
TN:
SF:src/modules/technologies/useCases/createTechnology/CreateTechnologyUseCase.ts
FN:19,CreateTechnologyUseCase
FN:26,Object.<anonymous>.CreateTechnologyUseCase.formatDate
FN:67,Object.<anonymous>.CreateTechnologyUseCase.execute
FNF:3
FNH:3
FNDA:5,CreateTechnologyUseCase
FNDA:6,Object.<anonymous>.CreateTechnologyUseCase.formatDate
FNDA:9,Object.<anonymous>.CreateTechnologyUseCase.execute
DA:1,1
DA:2,1
DA:3,1
DA:4,1
DA:5,1
DA:6,1
DA:7,1
DA:8,1
DA:9,1
DA:10,1
DA:11,1
DA:12,1
DA:13,1
DA:14,1
DA:15,1
DA:16,1
DA:17,1
DA:18,2
DA:19,2
DA:20,5
DA:21,5
DA:22,5
DA:23,5
DA:24,5
DA:25,2
DA:26,2
DA:27,6
DA:28,6
DA:29,6
DA:30,6
DA:31,6
DA:32,6
DA:33,6
DA:34,6
DA:35,6
DA:36,6
DA:37,6
DA:38,6
DA:39,6
DA:40,6
DA:41,6
DA:42,6
DA:43,6
DA:44,6
DA:45,6
DA:46,4
DA:47,6
DA:48,6
DA:49,6
DA:50,6
DA:51,6
DA:52,6
DA:53,4
DA:54,6
DA:55,6
DA:56,6
DA:57,2
DA:58,6
DA:59,4
DA:60,2
DA:61,2
DA:62,2
DA:63,2
DA:64,4
DA:65,6
DA:66,2
DA:67,2
DA:68,9
DA:69,9
DA:70,9
DA:71,9
DA:72,9
DA:73,9
DA:74,9
DA:75,9
DA:76,9
DA:77,9
DA:78,1
DA:79,1
DA:80,8
DA:81,9
DA:82,1
DA:83,1
DA:84,1
DA:85,1
DA:86,7
DA:87,9
DA:88,1
DA:89,1
DA:90,1
DA:91,1
DA:92,6
DA:93,6
DA:94,6
DA:95,6
DA:96,6
DA:97,6
DA:98,6
DA:99,6
DA:100,6
DA:101,6
DA:102,6
DA:103,6
DA:104,6
DA:105,9
DA:106,9
DA:107,9
DA:108,2
LF:108
LH:108
BRDA:18,0,0,2
BRDA:19,1,0,5
BRDA:26,2,0,6
BRDA:44,3,0,2
BRDA:45,4,0,4
BRDA:46,5,0,2
BRDA:47,6,0,2
BRDA:51,7,0,2
BRDA:52,8,0,4
BRDA:53,9,0,3
BRDA:54,10,0,1
BRDA:56,11,0,4
BRDA:56,12,0,2
BRDA:58,13,0,4
BRDA:59,14,0,2
BRDA:67,15,0,9
BRDA:73,16,0,9
BRDA:77,17,0,1
BRDA:77,18,0,1
BRDA:80,19,0,8
BRDA:81,20,0,7
BRDA:81,21,0,2
BRDA:81,22,0,1
BRDA:86,23,0,7
BRDA:87,24,0,3
BRDA:87,25,0,1
BRDA:92,26,0,6
BRF:27
BRH:27
end_of_record
TN:
SF:src/modules/technologies/useCases/listTechnologies/ListTechnologiesUseCase.ts
FN:11,ListTechnologiesUseCase
FN:18,Object.<anonymous>.ListTechnologiesUseCase.formatDate
FN:59,Object.<anonymous>.ListTechnologiesUseCase.compare
FN:69,Object.<anonymous>.ListTechnologiesUseCase.execute
FNF:4
FNH:4
FNDA:1,ListTechnologiesUseCase
FNDA:3,Object.<anonymous>.ListTechnologiesUseCase.formatDate
FNDA:2,Object.<anonymous>.ListTechnologiesUseCase.compare
FNDA:1,Object.<anonymous>.ListTechnologiesUseCase.execute
DA:1,1
DA:2,1
DA:3,1
DA:4,1
DA:5,1
DA:6,1
DA:7,1
DA:8,1
DA:9,1
DA:10,1
DA:11,1
DA:12,1
DA:13,1
DA:14,1
DA:15,1
DA:16,1
DA:17,1
DA:18,1
DA:19,3
DA:20,3
DA:21,3
DA:22,3
DA:23,3
DA:24,3
DA:25,3
DA:26,3
DA:27,3
DA:28,3
DA:29,3
DA:30,3
DA:31,3
DA:32,3
DA:33,3
DA:34,3
DA:35,3
DA:36,3
DA:37,3
DA:38,2
DA:39,3
DA:40,3
DA:41,3
DA:42,3
DA:43,3
DA:44,3
DA:45,2
DA:46,3
DA:47,3
DA:48,3
DA:49,1
DA:50,3
DA:51,2
DA:52,1
DA:53,1
DA:54,1
DA:55,1
DA:56,2
DA:57,3
DA:58,1
DA:59,1
DA:60,2
DA:61,0
DA:62,0
DA:63,2
DA:64,2
DA:65,2
DA:66,0
DA:67,0
DA:68,1
DA:69,1
DA:70,1
DA:71,1
DA:72,1
DA:73,1
DA:74,1
DA:75,1
DA:76,1
DA:77,1
DA:78,1
DA:79,1
DA:80,1
DA:81,1
LF:81
LH:77
BRDA:10,0,0,1
BRDA:11,1,0,1
BRDA:18,2,0,3
BRDA:36,3,0,1
BRDA:37,4,0,2
BRDA:38,5,0,1
BRDA:39,6,0,1
BRDA:43,7,0,1
BRDA:44,8,0,2
BRDA:46,9,0,0
BRDA:48,10,0,2
BRDA:48,11,0,1
BRDA:50,12,0,2
BRDA:51,13,0,1
BRDA:59,14,0,2
BRDA:60,15,0,0
BRDA:66,16,0,0
BRDA:69,17,0,1
BRDA:70,18,0,1
BRDA:73,19,0,3
BRF:20
BRH:17
end_of_record
